
> backend@1.0.0 start
> node index.js

C:\Users\Tegas\Desktop\Clean Desktop\Dev\smart_laboratory_management_system\backend\node_modules\path-to-regexp\dist\index.js:73
            throw new TypeError(`Missing parameter name at ${i}: ${DEBUG_URL}`);
            ^

TypeError: Missing parameter name at 1: https://git.new/pathToRegexpError
    at name (C:\Users\Tegas\Desktop\Clean Desktop\Dev\smart_laboratory_management_system\backend\node_modules\path-to-regexp\dist\index.js:73:19)
    at lexer (C:\Users\Tegas\Desktop\Clean Desktop\Dev\smart_laboratory_management_system\backend\node_modules\path-to-regexp\dist\index.js:91:27)
    at lexer.next (<anonymous>)
    at Iter.peek (C:\Users\Tegas\Desktop\Clean Desktop\Dev\smart_laboratory_management_system\backend\node_modules\path-to-regexp\dist\index.js:106:38)
    at Iter.tryConsume (C:\Users\Tegas\Desktop\Clean Desktop\Dev\smart_laboratory_management_system\backend\node_modules\path-to-regexp\dist\index.js:112:28)
    at Iter.text (C:\Users\Tegas\Desktop\Clean Desktop\Dev\smart_laboratory_management_system\backend\node_modules\path-to-regexp\dist\index.js:128:30)
    at consume (C:\Users\Tegas\Desktop\Clean Desktop\Dev\smart_laboratory_management_system\backend\node_modules\path-to-regexp\dist\index.js:152:29)
    at parse (C:\Users\Tegas\Desktop\Clean Desktop\Dev\smart_laboratory_management_system\backend\node_modules\path-to-regexp\dist\index.js:183:20)
    at C:\Users\Tegas\Desktop\Clean Desktop\Dev\smart_laboratory_management_system\backend\node_modules\path-to-regexp\dist\index.js:294:74
    at Array.map (<anonymous>)

Node.js v22.17.1
> backend@1.0.0 start
> node index.js

Server listening on port 3001
Terminate batch job (Y/N)? 
